<?xml version="1.0" encoding="utf-8"?><testsuites name="pytest tests"><testsuite name="pytest" errors="0" failures="0" skipped="0" tests="10" time="2.247" timestamp="2026-05-25T11:15:02.900623+00:00" hostname="agent-env-8fe31ae2-3a16-4953-b732-5689f62b71e3"><testcase classname="backend.tests.test_iter3_features.TestSpanishAuth" name="test_invalid_credentials_spanish" time="0.355" /><testcase classname="backend.tests.test_iter3_features.TestDemoClosedOperation" name="test_demo01_op_visible_to_cedente" time="0.486" /><testcase classname="backend.tests.test_iter3_features.TestDemoClosedOperation" name="test_demo01_detail_has_quote_accepted_and_contract_signed" time="0.051" /><testcase classname="backend.tests.test_iter3_features.TestPreNCAPreviewDocument" name="test_marketplace_pack_has_preview" time="0.540" /><testcase classname="backend.tests.test_iter3_features.TestPreNCAPreviewDocument" name="test_preview_pdf_downloadable" time="0.053" /><testcase classname="backend.tests.test_iter3_features.TestExpressInterestPermissions" name="test_reasegurador_can_express_interest" time="0.113" /><testcase classname="backend.tests.test_iter3_features.TestExpressInterestPermissions" name="test_duplicate_interest_returns_spanish" time="0.050" /><testcase classname="backend.tests.test_iter3_features.TestSpanishOperationErrors" name="test_demo01_double_sign_contract_returns_spanish" time="0.055" /><testcase classname="backend.tests.test_iter3_features.TestTripartiteNCALogic" name="test_all_ncas_signed_helper_logic" time="0.000" /><testcase classname="backend.tests.test_iter3_features.TestBrokerLogin" name="test_broker_login_ok" time="0.458" /></testsuite></testsuites>