<?xml version="1.0" encoding="utf-8"?><testsuites name="pytest tests"><testsuite name="pytest" errors="0" failures="0" skipped="0" tests="45" time="4.475" timestamp="2026-04-21T16:35:52.850893+00:00" hostname="agent-env-8fe31ae2-3a16-4953-b732-5689f62b71e3"><testcase classname="backend.tests.backend_test.TestAuth" name="test_login_cedente_success" time="0.481" /><testcase classname="backend.tests.backend_test.TestAuth" name="test_login_reasegurador_success" time="0.379" /><testcase classname="backend.tests.backend_test.TestAuth" name="test_login_admin_success" time="0.371" /><testcase classname="backend.tests.backend_test.TestAuth" name="test_login_invalid_password" time="0.369" /><testcase classname="backend.tests.backend_test.TestAuth" name="test_me_requires_auth" time="0.123" /><testcase classname="backend.tests.backend_test.TestAuth" name="test_me_with_token" time="0.157" /><testcase classname="backend.tests.backend_test.TestSubmissionPackFlow" name="test_create_published_pack" time="0.049" /><testcase classname="backend.tests.backend_test.TestSubmissionPackFlow" name="test_my_packs_lists_new" time="0.056" /><testcase classname="backend.tests.backend_test.TestSubmissionPackFlow" name="test_marketplace_lists_pack_for_reasegurador" time="0.129" /><testcase classname="backend.tests.backend_test.TestSubmissionPackFlow" name="test_marketplace_pack_detail" time="0.054" /><testcase classname="backend.tests.backend_test.TestSubmissionPackFlow" name="test_marketplace_detail_invalid_id" time="0.054" /><testcase classname="backend.tests.backend_test.TestInterestFlow" name="test_reasegurador_expresses_interest" time="0.056" /><testcase classname="backend.tests.backend_test.TestInterestFlow" name="test_duplicate_interest_rejected" time="0.080" /><testcase classname="backend.tests.backend_test.TestInterestFlow" name="test_cedente_sees_received_interest" time="0.054" /><testcase classname="backend.tests.backend_test.TestInterestFlow" name="test_marketplace_own_interest_shows_pending" time="0.054" /><testcase classname="backend.tests.backend_test.TestInterestFlow" name="test_cedente_accepts_interest" time="0.055" /><testcase classname="backend.tests.backend_test.TestInterestFlow" name="test_operation_created_nca_pending" time="0.055" /><testcase classname="backend.tests.backend_test.TestNCAFlow" name="test_chat_locked_before_nca" time="0.057" /><testcase classname="backend.tests.backend_test.TestNCAFlow" name="test_send_message_before_nca_forbidden" time="0.052" /><testcase classname="backend.tests.backend_test.TestNCAFlow" name="test_cedente_signs_nca" time="0.059" /><testcase classname="backend.tests.backend_test.TestNCAFlow" name="test_cedente_cannot_sign_twice" time="0.051" /><testcase classname="backend.tests.backend_test.TestNCAFlow" name="test_state_still_nca_pending_partial" time="0.051" /><testcase classname="backend.tests.backend_test.TestNCAFlow" name="test_quote_cannot_be_submitted_before_nca_full" time="0.050" /><testcase classname="backend.tests.backend_test.TestNCAFlow" name="test_reasegurador_signs_nca" time="0.049" /><testcase classname="backend.tests.backend_test.TestNCAFlow" name="test_identity_revealed_after_both_signed" time="0.103" /><testcase classname="backend.tests.backend_test.TestChat" name="test_chat_unlocked_after_nca" time="0.050" /><testcase classname="backend.tests.backend_test.TestChat" name="test_reasegurador_sends_message" time="0.048" /><testcase classname="backend.tests.backend_test.TestChat" name="test_cedente_sees_message_and_replies" time="0.121" /><testcase classname="backend.tests.backend_test.TestChat" name="test_reasegurador_sees_cedente_reply" time="0.055" /><testcase classname="backend.tests.backend_test.TestQuoteFlow" name="test_reasegurador_submits_quote" time="0.052" /><testcase classname="backend.tests.backend_test.TestQuoteFlow" name="test_quote_cannot_be_submitted_twice" time="0.049" /><testcase classname="backend.tests.backend_test.TestQuoteFlow" name="test_state_now_quote_received" time="0.056" /><testcase classname="backend.tests.backend_test.TestQuoteFlow" name="test_cedente_accepts_quote" time="0.054" /><testcase classname="backend.tests.backend_test.TestQuoteFlow" name="test_accept_quote_second_call_rejected" time="0.050" /><testcase classname="backend.tests.backend_test.TestQuoteFlow" name="test_state_contract_pending" time="0.056" /><testcase classname="backend.tests.backend_test.TestContractFlow" name="test_cedente_signs_contract" time="0.051" /><testcase classname="backend.tests.backend_test.TestContractFlow" name="test_cedente_cannot_sign_contract_twice" time="0.055" /><testcase classname="backend.tests.backend_test.TestContractFlow" name="test_still_contract_pending" time="0.062" /><testcase classname="backend.tests.backend_test.TestContractFlow" name="test_reasegurador_signs_contract_closes_operation" time="0.106" /><testcase classname="backend.tests.backend_test.TestContractFlow" name="test_reasegurador_cannot_sign_contract_twice" time="0.060" /><testcase classname="backend.tests.backend_test.TestAdmin" name="test_admin_lists_companies" time="0.138" /><testcase classname="backend.tests.backend_test.TestAdmin" name="test_admin_audit_log" time="0.059" /><testcase classname="backend.tests.backend_test.TestAdmin" name="test_non_admin_cannot_access_admin" time="0.051" /><testcase classname="backend.tests.backend_test.TestStats" name="test_cedente_dashboard_stats" time="0.061" /><testcase classname="backend.tests.backend_test.TestStats" name="test_reasegurador_dashboard_stats" time="0.070" /></testsuite></testsuites>